Build started 27/11/2014 18:58:11.
     1>Project "C:\Users\Kevin\Desktop\Kevin_Ben_Gamecraft\TaxesPlease\Platformer0.vcxproj" on node 2 (Build target(s)).
     1>ClCompile:
         C:\Program Files (x86)\Microsoft Visual Studio 11.0\VC\bin\CL.exe /c /I./ /ZI /nologo /W3 /WX- /Od /Oy- /D _MBCS /Gm /EHsc /RTC1 /MD /GS /fp:precise /Zc:wchar_t /Zc:forScope /Fo"Debug\\" /Fd"Debug\vc110.pdb" /Gd /TP /analyze- /errorReport:prompt main.cpp
         main.cpp
     1>c:\users\kevin\desktop\kevin_ben_gamecraft\taxesplease\objectfactory.h(23): warning C4091: 'static ' : ignored on left of 'ObjectFactory' when no variable is declared
     1>c:\users\kevin\desktop\kevin_ben_gamecraft\taxesplease\level1.cpp(12): warning C4244: 'argument' : conversion from 'const int' to 'float32', possible loss of data
     1>c:\users\kevin\desktop\kevin_ben_gamecraft\taxesplease\level1.cpp(13): warning C4244: 'argument' : conversion from 'const int' to 'float32', possible loss of data
     1>c:\users\kevin\desktop\kevin_ben_gamecraft\taxesplease\level1.cpp(14): warning C4244: 'argument' : conversion from 'const int' to 'float32', possible loss of data
     1>c:\users\kevin\desktop\kevin_ben_gamecraft\taxesplease\level1.cpp(19): warning C4018: '<' : signed/unsigned mismatch
     1>c:\users\kevin\desktop\kevin_ben_gamecraft\taxesplease\level1.cpp(31): warning C4018: '<' : signed/unsigned mismatch
     1>c:\users\kevin\desktop\kevin_ben_gamecraft\taxesplease\level2.cpp(16): warning C4244: 'argument' : conversion from 'const int' to 'float32', possible loss of data
     1>c:\users\kevin\desktop\kevin_ben_gamecraft\taxesplease\level2.cpp(17): warning C4244: 'argument' : conversion from 'const int' to 'float32', possible loss of data
     1>c:\users\kevin\desktop\kevin_ben_gamecraft\taxesplease\level2.cpp(18): warning C4244: 'argument' : conversion from 'const int' to 'float32', possible loss of data
     1>c:\users\kevin\desktop\kevin_ben_gamecraft\taxesplease\level2.cpp(22): warning C4018: '<' : signed/unsigned mismatch
     1>c:\users\kevin\desktop\kevin_ben_gamecraft\taxesplease\level2.cpp(33): warning C4018: '<' : signed/unsigned mismatch
     1>c:\users\kevin\desktop\kevin_ben_gamecraft\taxesplease\level3.cpp(13): warning C4244: 'argument' : conversion from 'const int' to 'float32', possible loss of data
     1>c:\users\kevin\desktop\kevin_ben_gamecraft\taxesplease\level3.cpp(14): warning C4244: 'argument' : conversion from 'const int' to 'float32', possible loss of data
     1>c:\users\kevin\desktop\kevin_ben_gamecraft\taxesplease\level3.cpp(15): warning C4244: 'argument' : conversion from 'const int' to 'float32', possible loss of data
     1>c:\users\kevin\desktop\kevin_ben_gamecraft\taxesplease\level3.cpp(16): warning C4244: 'argument' : conversion from 'const int' to 'float32', possible loss of data
     1>c:\users\kevin\desktop\kevin_ben_gamecraft\taxesplease\level3.cpp(21): warning C4018: '<' : signed/unsigned mismatch
     1>c:\users\kevin\desktop\kevin_ben_gamecraft\taxesplease\level3.cpp(30): warning C4018: '<' : signed/unsigned mismatch
     1>c:\users\kevin\desktop\kevin_ben_gamecraft\taxesplease\level3.cpp(38): warning C4018: '<' : signed/unsigned mismatch
     1>c:\users\kevin\desktop\kevin_ben_gamecraft\taxesplease\level4.cpp(13): warning C4244: 'argument' : conversion from 'const int' to 'float32', possible loss of data
     1>c:\users\kevin\desktop\kevin_ben_gamecraft\taxesplease\level4.cpp(14): warning C4244: 'argument' : conversion from 'const int' to 'float32', possible loss of data
     1>c:\users\kevin\desktop\kevin_ben_gamecraft\taxesplease\level4.cpp(15): warning C4244: 'argument' : conversion from 'const int' to 'float32', possible loss of data
     1>c:\users\kevin\desktop\kevin_ben_gamecraft\taxesplease\level4.cpp(16): warning C4244: 'argument' : conversion from 'const int' to 'float32', possible loss of data
     1>c:\users\kevin\desktop\kevin_ben_gamecraft\taxesplease\level4.cpp(21): warning C4018: '<' : signed/unsigned mismatch
     1>c:\users\kevin\desktop\kevin_ben_gamecraft\taxesplease\level4.cpp(25): warning C4018: '<' : signed/unsigned mismatch
     1>c:\users\kevin\desktop\kevin_ben_gamecraft\taxesplease\level4.cpp(33): warning C4018: '<' : signed/unsigned mismatch
     1>c:\users\kevin\desktop\kevin_ben_gamecraft\taxesplease\level4.cpp(41): warning C4018: '<' : signed/unsigned mismatch
     1>c:\users\kevin\desktop\kevin_ben_gamecraft\taxesplease\level4.cpp(45): warning C4018: '<' : signed/unsigned mismatch
     1>c:\users\kevin\desktop\kevin_ben_gamecraft\taxesplease\level5.cpp(13): warning C4244: 'argument' : conversion from 'const int' to 'float32', possible loss of data
     1>c:\users\kevin\desktop\kevin_ben_gamecraft\taxesplease\level5.cpp(14): warning C4244: 'argument' : conversion from 'const int' to 'float32', possible loss of data
     1>c:\users\kevin\desktop\kevin_ben_gamecraft\taxesplease\level5.cpp(15): warning C4244: 'argument' : conversion from 'const int' to 'float32', possible loss of data
     1>c:\users\kevin\desktop\kevin_ben_gamecraft\taxesplease\level5.cpp(20): warning C4018: '<' : signed/unsigned mismatch
     1>c:\users\kevin\desktop\kevin_ben_gamecraft\taxesplease\level5.cpp(30): warning C4018: '<' : signed/unsigned mismatch
     1>c:\users\kevin\desktop\kevin_ben_gamecraft\taxesplease\level6.cpp(11): warning C4244: 'argument' : conversion from 'const int' to 'float32', possible loss of data
     1>c:\users\kevin\desktop\kevin_ben_gamecraft\taxesplease\level6.cpp(12): warning C4244: 'argument' : conversion from 'const int' to 'float32', possible loss of data
     1>c:\users\kevin\desktop\kevin_ben_gamecraft\taxesplease\level6.cpp(13): warning C4244: 'argument' : conversion from 'const int' to 'float32', possible loss of data
     1>c:\users\kevin\desktop\kevin_ben_gamecraft\taxesplease\level6.cpp(18): warning C4018: '<' : signed/unsigned mismatch
     1>c:\users\kevin\desktop\kevin_ben_gamecraft\taxesplease\level6.cpp(28): warning C4018: '<' : signed/unsigned mismatch
     1>c:\users\kevin\desktop\kevin_ben_gamecraft\taxesplease\level7.cpp(13): warning C4244: 'argument' : conversion from 'const int' to 'float32', possible loss of data
     1>c:\users\kevin\desktop\kevin_ben_gamecraft\taxesplease\level7.cpp(14): warning C4244: 'argument' : conversion from 'const int' to 'float', possible loss of data
     1>c:\users\kevin\desktop\kevin_ben_gamecraft\taxesplease\level7.cpp(15): warning C4244: 'argument' : conversion from 'const int' to 'float', possible loss of data
     1>c:\users\kevin\desktop\kevin_ben_gamecraft\taxesplease\level7.cpp(20): warning C4018: '<' : signed/unsigned mismatch
     1>c:\users\kevin\desktop\kevin_ben_gamecraft\taxesplease\level7.cpp(30): warning C4018: '<' : signed/unsigned mismatch
     1>c:\users\kevin\desktop\kevin_ben_gamecraft\taxesplease\level8.cpp(12): warning C4244: 'argument' : conversion from 'const int' to 'float32', possible loss of data
     1>c:\users\kevin\desktop\kevin_ben_gamecraft\taxesplease\level8.cpp(13): warning C4244: 'argument' : conversion from 'const int' to 'float32', possible loss of data
     1>c:\users\kevin\desktop\kevin_ben_gamecraft\taxesplease\level8.cpp(18): warning C4018: '<' : signed/unsigned mismatch
     1>c:\users\kevin\desktop\kevin_ben_gamecraft\taxesplease\level8.cpp(28): warning C4018: '<' : signed/unsigned mismatch
     1>c:\users\kevin\desktop\kevin_ben_gamecraft\taxesplease\level9.cpp(12): warning C4244: 'argument' : conversion from 'const int' to 'float32', possible loss of data
     1>c:\users\kevin\desktop\kevin_ben_gamecraft\taxesplease\level9.cpp(13): warning C4244: 'argument' : conversion from 'const int' to 'float32', possible loss of data
     1>c:\users\kevin\desktop\kevin_ben_gamecraft\taxesplease\level9.cpp(14): warning C4244: 'argument' : conversion from 'const int' to 'float32', possible loss of data
     1>c:\users\kevin\desktop\kevin_ben_gamecraft\taxesplease\level9.cpp(19): warning C4018: '<' : signed/unsigned mismatch
     1>c:\users\kevin\desktop\kevin_ben_gamecraft\taxesplease\level9.cpp(29): warning C4018: '<' : signed/unsigned mismatch
     1>c:\users\kevin\desktop\kevin_ben_gamecraft\taxesplease\main.cpp(112): warning C4244: '=' : conversion from 'int' to 'float', possible loss of data
     1>c:\users\kevin\desktop\kevin_ben_gamecraft\taxesplease\main.cpp(113): warning C4244: '=' : conversion from 'int' to 'float', possible loss of data
     1>c:\users\kevin\desktop\kevin_ben_gamecraft\taxesplease\main.cpp(144): warning C4244: 'argument' : conversion from 'float' to 'int32', possible loss of data
     1>c:\users\kevin\desktop\kevin_ben_gamecraft\taxesplease\main.cpp(145): warning C4244: 'argument' : conversion from 'float' to 'int32', possible loss of data
       Link:
         C:\Program Files (x86)\Microsoft Visual Studio 11.0\VC\bin\link.exe /ERRORREPORT:PROMPT /OUT:"C:\Users\Kevin\Desktop\Kevin_Ben_Gamecraft\TaxesPlease\Debug\KevinBenGamecraft2.0.exe" /INCREMENTAL /NOLOGO /LIBPATH:./lib SDL2_mixer.lib SDL2.lib SDL2main.lib SDL2_image.lib kernel32.lib user32.lib gdi32.lib winspool.lib comdlg32.lib advapi32.lib shell32.lib ole32.lib oleaut32.lib uuid.lib odbc32.lib odbccp32.lib /MANIFEST /MANIFESTUAC:"level='asInvoker' uiAccess='false'" /manifest:embed /DEBUG /PDB:"C:\Users\Kevin\Desktop\Kevin_Ben_Gamecraft\TaxesPlease\Debug\KevinBenGamecraft2.0.pdb" /SUBSYSTEM:CONSOLE /TLBID:1 /DYNAMICBASE /NXCOMPAT /IMPLIB:"C:\Users\Kevin\Desktop\Kevin_Ben_Gamecraft\TaxesPlease\Debug\KevinBenGamecraft2.0.lib" /MACHINE:X86 Debug\AnglePlatform.obj
         Debug\BasicPlatform.obj
         Debug\b2BroadPhase.obj
         Debug\b2CollideCircle.obj
         Debug\b2CollideEdge.obj
         Debug\b2CollidePolygon.obj
         Debug\b2Collision.obj
         Debug\b2Distance.obj
         Debug\b2DynamicTree.obj
         Debug\b2TimeOfImpact.obj
         Debug\b2ChainShape.obj
         Debug\b2CircleShape.obj
         Debug\b2EdgeShape.obj
         Debug\b2PolygonShape.obj
         Debug\b2BlockAllocator.obj
         Debug\b2Draw.obj
         Debug\b2FreeList.obj
         Debug\b2Math.obj
         Debug\b2Settings.obj
         Debug\b2StackAllocator.obj
         Debug\b2Stat.obj
         Debug\b2Timer.obj
         Debug\b2TrackedBlock.obj
         Debug\b2Body.obj
         Debug\b2ContactManager.obj
         Debug\b2Fixture.obj
         Debug\b2Island.obj
         Debug\b2World.obj
         Debug\b2WorldCallbacks.obj
         Debug\b2ChainAndCircleContact.obj
         Debug\b2ChainAndPolygonContact.obj
         Debug\b2CircleContact.obj
         Debug\b2Contact.obj
         Debug\b2ContactSolver.obj
         Debug\b2EdgeAndCircleContact.obj
         Debug\b2EdgeAndPolygonContact.obj
         Debug\b2PolygonAndCircleContact.obj
         Debug\b2PolygonContact.obj
         Debug\b2DistanceJoint.obj
         Debug\b2FrictionJoint.obj
         Debug\b2GearJoint.obj
         Debug\b2Joint.obj
         Debug\b2MotorJoint.obj
         Debug\b2MouseJoint.obj
         Debug\b2PrismaticJoint.obj
         Debug\b2PulleyJoint.obj
         Debug\b2RevoluteJoint.obj
         Debug\b2RopeJoint.obj
         Debug\b2WeldJoint.obj
         Debug\b2WheelJoint.obj
         Debug\b2Particle.obj
         Debug\b2ParticleAssembly.obj
         Debug\b2ParticleGroup.obj
         Debug\b2ParticleSystem.obj
         Debug\b2VoronoiDiagram.obj
         Debug\b2Rope.obj
         Debug\FallingPlatform.obj
         Debug\Menu.obj
         Debug\Water.obj
         Debug\Level.obj
         Debug\Level1.obj
         Debug\Level2.obj
         Debug\Level3.obj
         Debug\Level4.obj
         Debug\Level5.obj
         Debug\Level6.obj
         Debug\Level7.obj
         Debug\Level8.obj
         Debug\Level9.obj
         Debug\LevelManager.obj
         Debug\LTexture.obj
         Debug\ObjectFactory.obj
         Debug\Player.obj
         Debug\PrismaticPlatform.obj
         Debug\RevolutePlatforms.obj
         Debug\ContactListener.obj
         Debug\KeyboardManager.obj
         Debug\main.obj
         Debug\OneWayPlatform.obj
         Debug\Spinner.obj
         Platformer0.vcxproj -> C:\Users\Kevin\Desktop\Kevin_Ben_Gamecraft\TaxesPlease\Debug\KevinBenGamecraft2.0.exe
     1>Done Building Project "C:\Users\Kevin\Desktop\Kevin_Ben_Gamecraft\TaxesPlease\Platformer0.vcxproj" (Build target(s)).

Build succeeded.

Time Elapsed 00:00:01.20
