C:\USERS\KEVIN\DESKTOP\KEVIN_BEN_GAMECRAFT\TAXESPLEASE\DEBUG\LEVEL1.OBJ
C:\USERS\KEVIN\DESKTOP\KEVIN_BEN_GAMECRAFT\TAXESPLEASE\DEBUG\LEVEL2.OBJ
C:\USERS\KEVIN\DESKTOP\KEVIN_BEN_GAMECRAFT\TAXESPLEASE\DEBUG\LEVEL3.OBJ
C:\USERS\KEVIN\DESKTOP\KEVIN_BEN_GAMECRAFT\TAXESPLEASE\DEBUG\LEVEL4.OBJ
C:\USERS\KEVIN\DESKTOP\KEVIN_BEN_GAMECRAFT\TAXESPLEASE\DEBUG\LEVEL5.OBJ
C:\USERS\KEVIN\DESKTOP\KEVIN_BEN_GAMECRAFT\TAXESPLEASE\DEBUG\LEVEL6.OBJ
C:\USERS\KEVIN\DESKTOP\KEVIN_BEN_GAMECRAFT\TAXESPLEASE\DEBUG\LEVEL7.OBJ
C:\USERS\KEVIN\DESKTOP\KEVIN_BEN_GAMECRAFT\TAXESPLEASE\DEBUG\LEVEL8.OBJ
C:\USERS\KEVIN\DESKTOP\KEVIN_BEN_GAMECRAFT\TAXESPLEASE\DEBUG\LEVEL9.OBJ
C:\USERS\KEVIN\DESKTOP\KEVIN_BEN_GAMECRAFT\TAXESPLEASE\DEBUG\LEVELMANAGER.OBJ
C:\USERS\KEVIN\DESKTOP\KEVIN_BEN_GAMECRAFT\TAXESPLEASE\DEBUG\LTEXTURE.OBJ
C:\USERS\KEVIN\DESKTOP\KEVIN_BEN_GAMECRAFT\TAXESPLEASE\DEBUG\OBJECTFACTORY.OBJ
C:\USERS\KEVIN\DESKTOP\KEVIN_BEN_GAMECRAFT\TAXESPLEASE\DEBUG\PLAYER.OBJ
C:\USERS\KEVIN\DESKTOP\KEVIN_BEN_GAMECRAFT\TAXESPLEASE\DEBUG\PRISMATICPLATFORM.OBJ
C:\USERS\KEVIN\DESKTOP\KEVIN_BEN_GAMECRAFT\TAXESPLEASE\DEBUG\REVOLUTEPLATFORMS.OBJ
C:\USERS\KEVIN\DESKTOP\KEVIN_BEN_GAMECRAFT\TAXESPLEASE\DEBUG\CONTACTLISTENER.OBJ
C:\USERS\KEVIN\DESKTOP\KEVIN_BEN_GAMECRAFT\TAXESPLEASE\DEBUG\KEYBOARDMANAGER.OBJ
C:\USERS\KEVIN\DESKTOP\KEVIN_BEN_GAMECRAFT\TAXESPLEASE\DEBUG\MAIN.OBJ
C:\USERS\KEVIN\DESKTOP\KEVIN_BEN_GAMECRAFT\TAXESPLEASE\DEBUG\ONEWAYPLATFORM.OBJ
C:\USERS\KEVIN\DESKTOP\KEVIN_BEN_GAMECRAFT\TAXESPLEASE\DEBUG\SPINNER.OBJ
C:\USERS\KEVIN\DESKTOP\KEVIN_BEN_GAMECRAFT\TAXESPLEASE\DEBUG\B2FRICTIONJOINT.OBJ
C:\USERS\KEVIN\DESKTOP\KEVIN_BEN_GAMECRAFT\TAXESPLEASE\DEBUG\B2GEARJOINT.OBJ
C:\USERS\KEVIN\DESKTOP\KEVIN_BEN_GAMECRAFT\TAXESPLEASE\DEBUG\B2JOINT.OBJ
C:\USERS\KEVIN\DESKTOP\KEVIN_BEN_GAMECRAFT\TAXESPLEASE\DEBUG\B2MOTORJOINT.OBJ
C:\USERS\KEVIN\DESKTOP\KEVIN_BEN_GAMECRAFT\TAXESPLEASE\DEBUG\B2MOUSEJOINT.OBJ
C:\USERS\KEVIN\DESKTOP\KEVIN_BEN_GAMECRAFT\TAXESPLEASE\DEBUG\B2PRISMATICJOINT.OBJ
C:\USERS\KEVIN\DESKTOP\KEVIN_BEN_GAMECRAFT\TAXESPLEASE\DEBUG\B2PULLEYJOINT.OBJ
C:\USERS\KEVIN\DESKTOP\KEVIN_BEN_GAMECRAFT\TAXESPLEASE\DEBUG\B2REVOLUTEJOINT.OBJ
C:\USERS\KEVIN\DESKTOP\KEVIN_BEN_GAMECRAFT\TAXESPLEASE\DEBUG\B2ROPEJOINT.OBJ
C:\USERS\KEVIN\DESKTOP\KEVIN_BEN_GAMECRAFT\TAXESPLEASE\DEBUG\B2WELDJOINT.OBJ
C:\USERS\KEVIN\DESKTOP\KEVIN_BEN_GAMECRAFT\TAXESPLEASE\DEBUG\B2WHEELJOINT.OBJ
C:\USERS\KEVIN\DESKTOP\KEVIN_BEN_GAMECRAFT\TAXESPLEASE\DEBUG\B2PARTICLE.OBJ
C:\USERS\KEVIN\DESKTOP\KEVIN_BEN_GAMECRAFT\TAXESPLEASE\DEBUG\B2PARTICLEASSEMBLY.OBJ
C:\USERS\KEVIN\DESKTOP\KEVIN_BEN_GAMECRAFT\TAXESPLEASE\DEBUG\B2PARTICLEGROUP.OBJ
C:\USERS\KEVIN\DESKTOP\KEVIN_BEN_GAMECRAFT\TAXESPLEASE\DEBUG\B2PARTICLESYSTEM.OBJ
C:\USERS\KEVIN\DESKTOP\KEVIN_BEN_GAMECRAFT\TAXESPLEASE\DEBUG\B2VORONOIDIAGRAM.OBJ
C:\USERS\KEVIN\DESKTOP\KEVIN_BEN_GAMECRAFT\TAXESPLEASE\DEBUG\B2ROPE.OBJ
C:\USERS\KEVIN\DESKTOP\KEVIN_BEN_GAMECRAFT\TAXESPLEASE\DEBUG\FALLINGPLATFORM.OBJ
C:\USERS\KEVIN\DESKTOP\KEVIN_BEN_GAMECRAFT\TAXESPLEASE\DEBUG\WATER.OBJ
C:\USERS\KEVIN\DESKTOP\KEVIN_BEN_GAMECRAFT\TAXESPLEASE\DEBUG\LEVEL.OBJ
C:\USERS\KEVIN\DESKTOP\KEVIN_BEN_GAMECRAFT\TAXESPLEASE\DEBUG\B2STACKALLOCATOR.OBJ
C:\USERS\KEVIN\DESKTOP\KEVIN_BEN_GAMECRAFT\TAXESPLEASE\DEBUG\B2STAT.OBJ
C:\USERS\KEVIN\DESKTOP\KEVIN_BEN_GAMECRAFT\TAXESPLEASE\DEBUG\B2TIMER.OBJ
C:\USERS\KEVIN\DESKTOP\KEVIN_BEN_GAMECRAFT\TAXESPLEASE\DEBUG\B2TRACKEDBLOCK.OBJ
C:\USERS\KEVIN\DESKTOP\KEVIN_BEN_GAMECRAFT\TAXESPLEASE\DEBUG\B2BODY.OBJ
C:\USERS\KEVIN\DESKTOP\KEVIN_BEN_GAMECRAFT\TAXESPLEASE\DEBUG\B2CONTACTMANAGER.OBJ
C:\USERS\KEVIN\DESKTOP\KEVIN_BEN_GAMECRAFT\TAXESPLEASE\DEBUG\B2FIXTURE.OBJ
C:\USERS\KEVIN\DESKTOP\KEVIN_BEN_GAMECRAFT\TAXESPLEASE\DEBUG\B2ISLAND.OBJ
C:\USERS\KEVIN\DESKTOP\KEVIN_BEN_GAMECRAFT\TAXESPLEASE\DEBUG\B2WORLD.OBJ
C:\USERS\KEVIN\DESKTOP\KEVIN_BEN_GAMECRAFT\TAXESPLEASE\DEBUG\B2WORLDCALLBACKS.OBJ
C:\USERS\KEVIN\DESKTOP\KEVIN_BEN_GAMECRAFT\TAXESPLEASE\DEBUG\B2CHAINANDCIRCLECONTACT.OBJ
C:\USERS\KEVIN\DESKTOP\KEVIN_BEN_GAMECRAFT\TAXESPLEASE\DEBUG\B2CHAINANDPOLYGONCONTACT.OBJ
C:\USERS\KEVIN\DESKTOP\KEVIN_BEN_GAMECRAFT\TAXESPLEASE\DEBUG\B2CIRCLECONTACT.OBJ
C:\USERS\KEVIN\DESKTOP\KEVIN_BEN_GAMECRAFT\TAXESPLEASE\DEBUG\B2CONTACT.OBJ
C:\USERS\KEVIN\DESKTOP\KEVIN_BEN_GAMECRAFT\TAXESPLEASE\DEBUG\B2CONTACTSOLVER.OBJ
C:\USERS\KEVIN\DESKTOP\KEVIN_BEN_GAMECRAFT\TAXESPLEASE\DEBUG\B2EDGEANDCIRCLECONTACT.OBJ
C:\USERS\KEVIN\DESKTOP\KEVIN_BEN_GAMECRAFT\TAXESPLEASE\DEBUG\B2EDGEANDPOLYGONCONTACT.OBJ
C:\USERS\KEVIN\DESKTOP\KEVIN_BEN_GAMECRAFT\TAXESPLEASE\DEBUG\B2POLYGONANDCIRCLECONTACT.OBJ
C:\USERS\KEVIN\DESKTOP\KEVIN_BEN_GAMECRAFT\TAXESPLEASE\DEBUG\B2POLYGONCONTACT.OBJ
C:\USERS\KEVIN\DESKTOP\KEVIN_BEN_GAMECRAFT\TAXESPLEASE\DEBUG\B2DISTANCEJOINT.OBJ
C:\USERS\KEVIN\DESKTOP\KEVIN_BEN_GAMECRAFT\TAXESPLEASE\DEBUG\ANGLEPLATFORM.OBJ
C:\USERS\KEVIN\DESKTOP\KEVIN_BEN_GAMECRAFT\TAXESPLEASE\DEBUG\BASICPLATFORM.OBJ
C:\USERS\KEVIN\DESKTOP\KEVIN_BEN_GAMECRAFT\TAXESPLEASE\DEBUG\B2BROADPHASE.OBJ
C:\USERS\KEVIN\DESKTOP\KEVIN_BEN_GAMECRAFT\TAXESPLEASE\DEBUG\B2COLLIDECIRCLE.OBJ
C:\USERS\KEVIN\DESKTOP\KEVIN_BEN_GAMECRAFT\TAXESPLEASE\DEBUG\B2COLLIDEEDGE.OBJ
C:\USERS\KEVIN\DESKTOP\KEVIN_BEN_GAMECRAFT\TAXESPLEASE\DEBUG\B2COLLIDEPOLYGON.OBJ
C:\USERS\KEVIN\DESKTOP\KEVIN_BEN_GAMECRAFT\TAXESPLEASE\DEBUG\B2COLLISION.OBJ
C:\USERS\KEVIN\DESKTOP\KEVIN_BEN_GAMECRAFT\TAXESPLEASE\DEBUG\B2DISTANCE.OBJ
C:\USERS\KEVIN\DESKTOP\KEVIN_BEN_GAMECRAFT\TAXESPLEASE\DEBUG\B2DYNAMICTREE.OBJ
C:\USERS\KEVIN\DESKTOP\KEVIN_BEN_GAMECRAFT\TAXESPLEASE\DEBUG\B2TIMEOFIMPACT.OBJ
C:\USERS\KEVIN\DESKTOP\KEVIN_BEN_GAMECRAFT\TAXESPLEASE\DEBUG\B2CHAINSHAPE.OBJ
C:\USERS\KEVIN\DESKTOP\KEVIN_BEN_GAMECRAFT\TAXESPLEASE\DEBUG\B2CIRCLESHAPE.OBJ
C:\USERS\KEVIN\DESKTOP\KEVIN_BEN_GAMECRAFT\TAXESPLEASE\DEBUG\B2EDGESHAPE.OBJ
C:\USERS\KEVIN\DESKTOP\KEVIN_BEN_GAMECRAFT\TAXESPLEASE\DEBUG\B2POLYGONSHAPE.OBJ
C:\USERS\KEVIN\DESKTOP\KEVIN_BEN_GAMECRAFT\TAXESPLEASE\DEBUG\B2BLOCKALLOCATOR.OBJ
C:\USERS\KEVIN\DESKTOP\KEVIN_BEN_GAMECRAFT\TAXESPLEASE\DEBUG\B2DRAW.OBJ
C:\USERS\KEVIN\DESKTOP\KEVIN_BEN_GAMECRAFT\TAXESPLEASE\DEBUG\B2FREELIST.OBJ
C:\USERS\KEVIN\DESKTOP\KEVIN_BEN_GAMECRAFT\TAXESPLEASE\DEBUG\B2MATH.OBJ
C:\USERS\KEVIN\DESKTOP\KEVIN_BEN_GAMECRAFT\TAXESPLEASE\DEBUG\B2SETTINGS.OBJ
C:\USERS\KEVIN\DESKTOP\KEVIN_BEN_GAMECRAFT\TAXESPLEASE\DEBUG\VC110.PDB
C:\Users\Kevin\Desktop\Kevin_Ben_Gamecraft\TaxesPlease\Debug\AnglePlatform.obj
C:\Users\Kevin\Desktop\Kevin_Ben_Gamecraft\TaxesPlease\Debug\b2BlockAllocator.obj
C:\Users\Kevin\Desktop\Kevin_Ben_Gamecraft\TaxesPlease\Debug\b2Body.obj
C:\Users\Kevin\Desktop\Kevin_Ben_Gamecraft\TaxesPlease\Debug\b2BroadPhase.obj
C:\Users\Kevin\Desktop\Kevin_Ben_Gamecraft\TaxesPlease\Debug\b2ChainAndCircleContact.obj
C:\Users\Kevin\Desktop\Kevin_Ben_Gamecraft\TaxesPlease\Debug\b2ChainAndPolygonContact.obj
C:\Users\Kevin\Desktop\Kevin_Ben_Gamecraft\TaxesPlease\Debug\b2ChainShape.obj
C:\Users\Kevin\Desktop\Kevin_Ben_Gamecraft\TaxesPlease\Debug\b2CircleContact.obj
C:\Users\Kevin\Desktop\Kevin_Ben_Gamecraft\TaxesPlease\Debug\b2CircleShape.obj
C:\Users\Kevin\Desktop\Kevin_Ben_Gamecraft\TaxesPlease\Debug\b2CollideCircle.obj
C:\Users\Kevin\Desktop\Kevin_Ben_Gamecraft\TaxesPlease\Debug\b2CollideEdge.obj
C:\Users\Kevin\Desktop\Kevin_Ben_Gamecraft\TaxesPlease\Debug\b2CollidePolygon.obj
C:\Users\Kevin\Desktop\Kevin_Ben_Gamecraft\TaxesPlease\Debug\b2Collision.obj
C:\Users\Kevin\Desktop\Kevin_Ben_Gamecraft\TaxesPlease\Debug\b2Contact.obj
C:\Users\Kevin\Desktop\Kevin_Ben_Gamecraft\TaxesPlease\Debug\b2ContactManager.obj
C:\Users\Kevin\Desktop\Kevin_Ben_Gamecraft\TaxesPlease\Debug\b2ContactSolver.obj
C:\Users\Kevin\Desktop\Kevin_Ben_Gamecraft\TaxesPlease\Debug\b2Distance.obj
C:\Users\Kevin\Desktop\Kevin_Ben_Gamecraft\TaxesPlease\Debug\b2DistanceJoint.obj
C:\Users\Kevin\Desktop\Kevin_Ben_Gamecraft\TaxesPlease\Debug\b2Draw.obj
C:\Users\Kevin\Desktop\Kevin_Ben_Gamecraft\TaxesPlease\Debug\b2DynamicTree.obj
C:\Users\Kevin\Desktop\Kevin_Ben_Gamecraft\TaxesPlease\Debug\b2EdgeAndCircleContact.obj
C:\Users\Kevin\Desktop\Kevin_Ben_Gamecraft\TaxesPlease\Debug\b2EdgeAndPolygonContact.obj
C:\Users\Kevin\Desktop\Kevin_Ben_Gamecraft\TaxesPlease\Debug\b2EdgeShape.obj
C:\Users\Kevin\Desktop\Kevin_Ben_Gamecraft\TaxesPlease\Debug\b2Fixture.obj
C:\Users\Kevin\Desktop\Kevin_Ben_Gamecraft\TaxesPlease\Debug\b2FreeList.obj
C:\Users\Kevin\Desktop\Kevin_Ben_Gamecraft\TaxesPlease\Debug\b2FrictionJoint.obj
C:\Users\Kevin\Desktop\Kevin_Ben_Gamecraft\TaxesPlease\Debug\b2GearJoint.obj
C:\Users\Kevin\Desktop\Kevin_Ben_Gamecraft\TaxesPlease\Debug\b2Island.obj
C:\Users\Kevin\Desktop\Kevin_Ben_Gamecraft\TaxesPlease\Debug\b2Joint.obj
C:\Users\Kevin\Desktop\Kevin_Ben_Gamecraft\TaxesPlease\Debug\b2Math.obj
C:\Users\Kevin\Desktop\Kevin_Ben_Gamecraft\TaxesPlease\Debug\b2MotorJoint.obj
C:\Users\Kevin\Desktop\Kevin_Ben_Gamecraft\TaxesPlease\Debug\b2MouseJoint.obj
C:\Users\Kevin\Desktop\Kevin_Ben_Gamecraft\TaxesPlease\Debug\b2Particle.obj
C:\Users\Kevin\Desktop\Kevin_Ben_Gamecraft\TaxesPlease\Debug\b2ParticleAssembly.obj
C:\Users\Kevin\Desktop\Kevin_Ben_Gamecraft\TaxesPlease\Debug\b2ParticleGroup.obj
C:\Users\Kevin\Desktop\Kevin_Ben_Gamecraft\TaxesPlease\Debug\b2ParticleSystem.obj
C:\Users\Kevin\Desktop\Kevin_Ben_Gamecraft\TaxesPlease\Debug\b2PolygonAndCircleContact.obj
C:\Users\Kevin\Desktop\Kevin_Ben_Gamecraft\TaxesPlease\Debug\b2PolygonContact.obj
C:\Users\Kevin\Desktop\Kevin_Ben_Gamecraft\TaxesPlease\Debug\b2PolygonShape.obj
C:\Users\Kevin\Desktop\Kevin_Ben_Gamecraft\TaxesPlease\Debug\b2PrismaticJoint.obj
C:\Users\Kevin\Desktop\Kevin_Ben_Gamecraft\TaxesPlease\Debug\b2PulleyJoint.obj
C:\Users\Kevin\Desktop\Kevin_Ben_Gamecraft\TaxesPlease\Debug\b2RevoluteJoint.obj
C:\Users\Kevin\Desktop\Kevin_Ben_Gamecraft\TaxesPlease\Debug\b2Rope.obj
C:\Users\Kevin\Desktop\Kevin_Ben_Gamecraft\TaxesPlease\Debug\b2RopeJoint.obj
C:\Users\Kevin\Desktop\Kevin_Ben_Gamecraft\TaxesPlease\Debug\b2Settings.obj
C:\Users\Kevin\Desktop\Kevin_Ben_Gamecraft\TaxesPlease\Debug\b2StackAllocator.obj
C:\Users\Kevin\Desktop\Kevin_Ben_Gamecraft\TaxesPlease\Debug\b2Stat.obj
C:\Users\Kevin\Desktop\Kevin_Ben_Gamecraft\TaxesPlease\Debug\b2TimeOfImpact.obj
C:\Users\Kevin\Desktop\Kevin_Ben_Gamecraft\TaxesPlease\Debug\b2Timer.obj
C:\Users\Kevin\Desktop\Kevin_Ben_Gamecraft\TaxesPlease\Debug\b2TrackedBlock.obj
C:\Users\Kevin\Desktop\Kevin_Ben_Gamecraft\TaxesPlease\Debug\b2VoronoiDiagram.obj
C:\Users\Kevin\Desktop\Kevin_Ben_Gamecraft\TaxesPlease\Debug\b2WeldJoint.obj
C:\Users\Kevin\Desktop\Kevin_Ben_Gamecraft\TaxesPlease\Debug\b2WheelJoint.obj
C:\Users\Kevin\Desktop\Kevin_Ben_Gamecraft\TaxesPlease\Debug\b2World.obj
C:\Users\Kevin\Desktop\Kevin_Ben_Gamecraft\TaxesPlease\Debug\b2WorldCallbacks.obj
C:\Users\Kevin\Desktop\Kevin_Ben_Gamecraft\TaxesPlease\Debug\BasicPlatform.obj
C:\Users\Kevin\Desktop\Kevin_Ben_Gamecraft\TaxesPlease\Debug\ContactListener.obj
C:\Users\Kevin\Desktop\Kevin_Ben_Gamecraft\TaxesPlease\Debug\FallingPlatform.obj
C:\Users\Kevin\Desktop\Kevin_Ben_Gamecraft\TaxesPlease\Debug\KeyboardManager.obj
C:\Users\Kevin\Desktop\Kevin_Ben_Gamecraft\TaxesPlease\Debug\Level.obj
C:\Users\Kevin\Desktop\Kevin_Ben_Gamecraft\TaxesPlease\Debug\Level1.obj
C:\Users\Kevin\Desktop\Kevin_Ben_Gamecraft\TaxesPlease\Debug\Level2.obj
C:\Users\Kevin\Desktop\Kevin_Ben_Gamecraft\TaxesPlease\Debug\Level3.obj
C:\Users\Kevin\Desktop\Kevin_Ben_Gamecraft\TaxesPlease\Debug\Level4.obj
C:\Users\Kevin\Desktop\Kevin_Ben_Gamecraft\TaxesPlease\Debug\Level5.obj
C:\Users\Kevin\Desktop\Kevin_Ben_Gamecraft\TaxesPlease\Debug\Level6.obj
C:\Users\Kevin\Desktop\Kevin_Ben_Gamecraft\TaxesPlease\Debug\Level7.obj
C:\Users\Kevin\Desktop\Kevin_Ben_Gamecraft\TaxesPlease\Debug\Level8.obj
C:\Users\Kevin\Desktop\Kevin_Ben_Gamecraft\TaxesPlease\Debug\Level9.obj
C:\Users\Kevin\Desktop\Kevin_Ben_Gamecraft\TaxesPlease\Debug\LevelManager.obj
C:\Users\Kevin\Desktop\Kevin_Ben_Gamecraft\TaxesPlease\Debug\LTexture.obj
C:\Users\Kevin\Desktop\Kevin_Ben_Gamecraft\TaxesPlease\Debug\main.obj
C:\Users\Kevin\Desktop\Kevin_Ben_Gamecraft\TaxesPlease\Debug\ObjectFactory.obj
C:\Users\Kevin\Desktop\Kevin_Ben_Gamecraft\TaxesPlease\Debug\OneWayPlatform.obj
C:\Users\Kevin\Desktop\Kevin_Ben_Gamecraft\TaxesPlease\Debug\Player.obj
C:\Users\Kevin\Desktop\Kevin_Ben_Gamecraft\TaxesPlease\Debug\PrismaticPlatform.obj
C:\Users\Kevin\Desktop\Kevin_Ben_Gamecraft\TaxesPlease\Debug\RevolutePlatforms.obj
C:\Users\Kevin\Desktop\Kevin_Ben_Gamecraft\TaxesPlease\Debug\Spinner.obj
C:\Users\Kevin\Desktop\Kevin_Ben_Gamecraft\TaxesPlease\Debug\Water.obj
C:\Users\Kevin\Desktop\Kevin_Ben_Gamecraft\TaxesPlease\Debug\cl.command.1.tlog
C:\Users\Kevin\Desktop\Kevin_Ben_Gamecraft\TaxesPlease\Debug\CL.read.1.tlog
C:\Users\Kevin\Desktop\Kevin_Ben_Gamecraft\TaxesPlease\Debug\CL.write.1.tlog
C:\Users\Kevin\Desktop\Kevin_Ben_Gamecraft\TaxesPlease\Debug\link-cvtres.read.1.tlog
C:\Users\Kevin\Desktop\Kevin_Ben_Gamecraft\TaxesPlease\Debug\link-cvtres.write.1.tlog
C:\Users\Kevin\Desktop\Kevin_Ben_Gamecraft\TaxesPlease\Debug\link-rc.read.1.tlog
C:\Users\Kevin\Desktop\Kevin_Ben_Gamecraft\TaxesPlease\Debug\link-rc.write.1.tlog
C:\Users\Kevin\Desktop\Kevin_Ben_Gamecraft\TaxesPlease\Debug\link.command.1.tlog
C:\Users\Kevin\Desktop\Kevin_Ben_Gamecraft\TaxesPlease\Debug\link.read.1.tlog
C:\Users\Kevin\Desktop\Kevin_Ben_Gamecraft\TaxesPlease\Debug\link.write.1.tlog
C:\Users\Kevin\Desktop\Kevin_Ben_Gamecraft\TaxesPlease\Debug\vc110.idb
C:\Users\Kevin\Desktop\Kevin_Ben_Gamecraft\TaxesPlease\Debug\KevinBenGamecraft2.0.pdb
C:\Users\Kevin\Desktop\Kevin_Ben_Gamecraft\TaxesPlease\Debug\vc110.pdb
