c:\users\gavin\desktop\gamecraftgit\taxesplease\debug\angleplatform.obj
c:\users\gavin\desktop\gamecraftgit\taxesplease\debug\basicplatform.obj
c:\users\gavin\desktop\gamecraftgit\taxesplease\debug\constants.obj
c:\users\gavin\desktop\gamecraftgit\taxesplease\debug\contactlistener.obj
c:\users\gavin\desktop\gamecraftgit\taxesplease\debug\entity.obj
c:\users\gavin\desktop\gamecraftgit\taxesplease\debug\fallingplatform.obj
c:\users\gavin\desktop\gamecraftgit\taxesplease\debug\game.obj
c:\users\gavin\desktop\gamecraftgit\taxesplease\debug\keyboardmanager.obj
c:\users\gavin\desktop\gamecraftgit\taxesplease\debug\levelmanager.obj
c:\users\gavin\desktop\gamecraftgit\taxesplease\debug\main.obj
c:\users\gavin\desktop\gamecraftgit\taxesplease\debug\menu.obj
c:\users\gavin\desktop\gamecraftgit\taxesplease\debug\objectfactory.obj
c:\users\gavin\desktop\gamecraftgit\taxesplease\debug\onewayplatform.obj
c:\users\gavin\desktop\gamecraftgit\taxesplease\debug\player.obj
c:\users\gavin\desktop\gamecraftgit\taxesplease\debug\prismaticplatform.obj
c:\users\gavin\desktop\gamecraftgit\taxesplease\debug\revoluteplatforms.obj
c:\users\gavin\desktop\gamecraftgit\taxesplease\debug\soundmanager.obj
c:\users\gavin\desktop\gamecraftgit\taxesplease\debug\water.obj
c:\users\gavin\desktop\gamecraftgit\taxesplease\debug\vc110.pdb
c:\users\gavin\desktop\gamecraftgit - copy\taxesplease\debug\angleplatform.obj
c:\users\gavin\desktop\gamecraftgit - copy\taxesplease\debug\basicplatform.obj
c:\users\gavin\desktop\gamecraftgit - copy\taxesplease\debug\constants.obj
c:\users\gavin\desktop\gamecraftgit - copy\taxesplease\debug\contactlistener.obj
c:\users\gavin\desktop\gamecraftgit - copy\taxesplease\debug\entity.obj
c:\users\gavin\desktop\gamecraftgit - copy\taxesplease\debug\fallingplatform.obj
c:\users\gavin\desktop\gamecraftgit - copy\taxesplease\debug\game.obj
c:\users\gavin\desktop\gamecraftgit - copy\taxesplease\debug\keyboardmanager.obj
c:\users\gavin\desktop\gamecraftgit - copy\taxesplease\debug\levelmanager.obj
c:\users\gavin\desktop\gamecraftgit - copy\taxesplease\debug\main.obj
c:\users\gavin\desktop\gamecraftgit - copy\taxesplease\debug\menu.obj
c:\users\gavin\desktop\gamecraftgit - copy\taxesplease\debug\objectfactory.obj
c:\users\gavin\desktop\gamecraftgit - copy\taxesplease\debug\onewayplatform.obj
c:\users\gavin\desktop\gamecraftgit - copy\taxesplease\debug\player.obj
c:\users\gavin\desktop\gamecraftgit - copy\taxesplease\debug\prismaticplatform.obj
c:\users\gavin\desktop\gamecraftgit - copy\taxesplease\debug\revoluteplatforms.obj
c:\users\gavin\desktop\gamecraftgit - copy\taxesplease\debug\soundmanager.obj
c:\users\gavin\desktop\gamecraftgit - copy\taxesplease\debug\water.obj
c:\users\gavin\desktop\gamecraftgit - copy\taxesplease\debug\vc110.pdb
c:\users\gavin\desktop\gamecraftgit\taxesplease\debug\rwm_p2_groupb.ilk
c:\users\gavin\desktop\gamecraftgit\taxesplease\debug\rwm_p2_groupb.exe
c:\users\gavin\desktop\gamecraftgit\taxesplease\debug\rwm_p2_groupb.pdb
c:\users\gavin\desktop\gamecraftgit - copy\taxesplease\debug\rwm_p2_groupb.ilk
c:\users\gavin\desktop\gamecraftgit - copy\taxesplease\debug\rwm_p2_groupb.exe
c:\users\gavin\desktop\gamecraftgit - copy\taxesplease\debug\rwm_p2_groupb.pdb
c:\users\gavin\desktop\gamecraftgit - copy\taxesplease\debug\cl.command.1.tlog
c:\users\gavin\desktop\gamecraftgit - copy\taxesplease\debug\cl.read.1.tlog
c:\users\gavin\desktop\gamecraftgit - copy\taxesplease\debug\cl.write.1.tlog
c:\users\gavin\desktop\gamecraftgit - copy\taxesplease\debug\link-cvtres.read.1.tlog
c:\users\gavin\desktop\gamecraftgit - copy\taxesplease\debug\link-cvtres.write.1.tlog
c:\users\gavin\desktop\gamecraftgit - copy\taxesplease\debug\link-rc.read.1.tlog
c:\users\gavin\desktop\gamecraftgit - copy\taxesplease\debug\link-rc.write.1.tlog
c:\users\gavin\desktop\gamecraftgit - copy\taxesplease\debug\link.4144-cvtres.read.1.tlog
c:\users\gavin\desktop\gamecraftgit - copy\taxesplease\debug\link.4144-cvtres.write.1.tlog
c:\users\gavin\desktop\gamecraftgit - copy\taxesplease\debug\link.4144-rc.read.1.tlog
c:\users\gavin\desktop\gamecraftgit - copy\taxesplease\debug\link.4144-rc.write.1.tlog
c:\users\gavin\desktop\gamecraftgit - copy\taxesplease\debug\link.4144.read.1.tlog
c:\users\gavin\desktop\gamecraftgit - copy\taxesplease\debug\link.4144.write.1.tlog
c:\users\gavin\desktop\gamecraftgit - copy\taxesplease\debug\link.command.1.tlog
c:\users\gavin\desktop\gamecraftgit - copy\taxesplease\debug\link.read.1.tlog
c:\users\gavin\desktop\gamecraftgit - copy\taxesplease\debug\link.write.1.tlog
c:\users\gavin\desktop\gamecraftgit - copy\taxesplease\debug\vc110.idb
