C:\USERS\KEVIN\DESKTOP\GAMECRAFT2014TAXESPLEASE-MASTER\TAXESPLEASE\DEBUG\ANGLEPLATFORM.OBJ
C:\USERS\KEVIN\DESKTOP\GAMECRAFT2014TAXESPLEASE-MASTER\TAXESPLEASE\DEBUG\BASICPLATFORM.OBJ
C:\USERS\KEVIN\DESKTOP\GAMECRAFT2014TAXESPLEASE-MASTER\TAXESPLEASE\DEBUG\CONSTANTS.OBJ
C:\USERS\KEVIN\DESKTOP\GAMECRAFT2014TAXESPLEASE-MASTER\TAXESPLEASE\DEBUG\CONTACTLISTENER.OBJ
C:\USERS\KEVIN\DESKTOP\GAMECRAFT2014TAXESPLEASE-MASTER\TAXESPLEASE\DEBUG\FALLINGPLATFORM.OBJ
C:\USERS\KEVIN\DESKTOP\GAMECRAFT2014TAXESPLEASE-MASTER\TAXESPLEASE\DEBUG\KEYBOARDMANAGER.OBJ
C:\USERS\KEVIN\DESKTOP\GAMECRAFT2014TAXESPLEASE-MASTER\TAXESPLEASE\DEBUG\LEVELMANAGER.OBJ
C:\USERS\KEVIN\DESKTOP\GAMECRAFT2014TAXESPLEASE-MASTER\TAXESPLEASE\DEBUG\MAIN.OBJ
C:\USERS\KEVIN\DESKTOP\GAMECRAFT2014TAXESPLEASE-MASTER\TAXESPLEASE\DEBUG\MENU.OBJ
C:\USERS\KEVIN\DESKTOP\GAMECRAFT2014TAXESPLEASE-MASTER\TAXESPLEASE\DEBUG\OBJECTFACTORY.OBJ
C:\USERS\KEVIN\DESKTOP\GAMECRAFT2014TAXESPLEASE-MASTER\TAXESPLEASE\DEBUG\ONEWAYPLATFORM.OBJ
C:\USERS\KEVIN\DESKTOP\GAMECRAFT2014TAXESPLEASE-MASTER\TAXESPLEASE\DEBUG\PLAYER.OBJ
C:\USERS\KEVIN\DESKTOP\GAMECRAFT2014TAXESPLEASE-MASTER\TAXESPLEASE\DEBUG\PRISMATICPLATFORM.OBJ
C:\USERS\KEVIN\DESKTOP\GAMECRAFT2014TAXESPLEASE-MASTER\TAXESPLEASE\DEBUG\REVOLUTEPLATFORMS.OBJ
C:\USERS\KEVIN\DESKTOP\GAMECRAFT2014TAXESPLEASE-MASTER\TAXESPLEASE\DEBUG\SOUNDMANAGER.OBJ
C:\USERS\KEVIN\DESKTOP\GAMECRAFT2014TAXESPLEASE-MASTER\TAXESPLEASE\DEBUG\VC110.PDB
C:\USERS\KEVIN\DESKTOP\GAMECRAFT2014TAXESPLEASE-MASTER\TAXESPLEASE\DEBUG\GAME.OBJ
C:\USERS\KEVIN\DESKTOP\GAMECRAFT2014TAXESPLEASE-MASTER\TAXESPLEASE\DEBUG\RWM_P2_GROUPB.ILK
C:\USERS\KEVIN\DESKTOP\GAMECRAFT2014TAXESPLEASE-MASTER\TAXESPLEASE\DEBUG\RWM_P2_GROUPB.EXE
C:\USERS\KEVIN\DESKTOP\GAMECRAFT2014TAXESPLEASE-MASTER\TAXESPLEASE\DEBUG\RWM_P2_GROUPB.PDB
C:\Users\Kevin\Desktop\GameCraft2014TaxesPlease-master\TaxesPlease\Debug\AnglePlatform.obj
C:\Users\Kevin\Desktop\GameCraft2014TaxesPlease-master\TaxesPlease\Debug\BasicPlatform.obj
C:\Users\Kevin\Desktop\GameCraft2014TaxesPlease-master\TaxesPlease\Debug\Constants.obj
C:\Users\Kevin\Desktop\GameCraft2014TaxesPlease-master\TaxesPlease\Debug\ContactListener.obj
C:\Users\Kevin\Desktop\GameCraft2014TaxesPlease-master\TaxesPlease\Debug\FallingPlatform.obj
C:\Users\Kevin\Desktop\GameCraft2014TaxesPlease-master\TaxesPlease\Debug\Game.obj
C:\Users\Kevin\Desktop\GameCraft2014TaxesPlease-master\TaxesPlease\Debug\KeyboardManager.obj
C:\Users\Kevin\Desktop\GameCraft2014TaxesPlease-master\TaxesPlease\Debug\LevelManager.obj
C:\Users\Kevin\Desktop\GameCraft2014TaxesPlease-master\TaxesPlease\Debug\Main.obj
C:\Users\Kevin\Desktop\GameCraft2014TaxesPlease-master\TaxesPlease\Debug\Menu.obj
C:\Users\Kevin\Desktop\GameCraft2014TaxesPlease-master\TaxesPlease\Debug\ObjectFactory.obj
C:\Users\Kevin\Desktop\GameCraft2014TaxesPlease-master\TaxesPlease\Debug\OneWayPlatform.obj
C:\Users\Kevin\Desktop\GameCraft2014TaxesPlease-master\TaxesPlease\Debug\Player.obj
C:\Users\Kevin\Desktop\GameCraft2014TaxesPlease-master\TaxesPlease\Debug\PrismaticPlatform.obj
C:\Users\Kevin\Desktop\GameCraft2014TaxesPlease-master\TaxesPlease\Debug\RevolutePlatforms.obj
C:\Users\Kevin\Desktop\GameCraft2014TaxesPlease-master\TaxesPlease\Debug\SoundManager.obj
C:\Users\Kevin\Desktop\GameCraft2014TaxesPlease-master\TaxesPlease\Debug\RWM_P2_GroupB.ilk
C:\Users\Kevin\Desktop\GameCraft2014TaxesPlease-master\TaxesPlease\Debug\cl.command.1.tlog
C:\Users\Kevin\Desktop\GameCraft2014TaxesPlease-master\TaxesPlease\Debug\CL.read.1.tlog
C:\Users\Kevin\Desktop\GameCraft2014TaxesPlease-master\TaxesPlease\Debug\CL.write.1.tlog
C:\Users\Kevin\Desktop\GameCraft2014TaxesPlease-master\TaxesPlease\Debug\link-cvtres.read.1.tlog
C:\Users\Kevin\Desktop\GameCraft2014TaxesPlease-master\TaxesPlease\Debug\link-cvtres.write.1.tlog
C:\Users\Kevin\Desktop\GameCraft2014TaxesPlease-master\TaxesPlease\Debug\link-rc.read.1.tlog
C:\Users\Kevin\Desktop\GameCraft2014TaxesPlease-master\TaxesPlease\Debug\link-rc.write.1.tlog
C:\Users\Kevin\Desktop\GameCraft2014TaxesPlease-master\TaxesPlease\Debug\link.command.1.tlog
C:\Users\Kevin\Desktop\GameCraft2014TaxesPlease-master\TaxesPlease\Debug\link.read.1.tlog
C:\Users\Kevin\Desktop\GameCraft2014TaxesPlease-master\TaxesPlease\Debug\link.write.1.tlog
C:\Users\Kevin\Desktop\GameCraft2014TaxesPlease-master\TaxesPlease\Debug\vc110.idb
C:\Users\Kevin\Desktop\GameCraft2014TaxesPlease-master\TaxesPlease\Debug\RWM_P2_GroupB.pdb
C:\Users\Kevin\Desktop\GameCraft2014TaxesPlease-master\TaxesPlease\Debug\vc110.pdb
C:\Users\Kevin\Desktop\GameCraft2014TaxesPlease-master\TaxesPlease\Debug\RWM_P2_GroupB.exe
